0 verbose cli /usr/bin/node /usr/bin/npm
1 info using npm@10.8.2
2 info using node@v18.20.5
3 silly config load:file:/usr/lib/node_modules/npm/npmrc
4 silly config load:file:/root/frontend/.npmrc
5 silly config load:file:/root/.npmrc
6 silly config load:file:/root/.npm-global/etc/npmrc
7 verbose title npm install @testing-library/jest-dom@^5.14.1 @testing-library/react@^13.0.0 @testing-library/user-event@^13.2.1 web-vitals@^2.1.0
8 verbose argv "install" "--no-audit" "--save" "@testing-library/jest-dom@^5.14.1" "@testing-library/react@^13.0.0" "@testing-library/user-event@^13.2.1" "web-vitals@^2.1.0"
9 verbose logfile logs-max:10 dir:/root/.npm/_logs/2024-11-27T05_22_33_855Z-
10 verbose logfile /root/.npm/_logs/2024-11-27T05_22_33_855Z-debug-0.log
11 silly packumentCache heap:510394368 maxSize:127598592 maxEntrySize:63799296
12 silly logfile start cleaning logs, removing 1 files
13 silly logfile done cleaning log files
14 silly idealTree buildDeps
15 silly fetch manifest @testing-library/jest-dom@^5.14.1
16 silly packumentCache full:https://registry.npmjs.org/@testing-library%2fjest-dom cache-miss
17 http fetch GET 200 https://registry.npmjs.org/@testing-library%2fjest-dom 658ms (cache miss)
18 silly packumentCache full:https://registry.npmjs.org/@testing-library%2fjest-dom set size:undefined disposed:false
19 silly fetch manifest @testing-library/react@^13.0.0
20 silly packumentCache full:https://registry.npmjs.org/@testing-library%2freact cache-miss
21 http fetch GET 200 https://registry.npmjs.org/@testing-library%2freact 61ms (cache miss)
22 silly packumentCache full:https://registry.npmjs.org/@testing-library%2freact set size:undefined disposed:false
23 silly fetch manifest react@^18.3.1
24 silly packumentCache full:https://registry.npmjs.org/react cache-miss
25 http fetch GET 200 https://registry.npmjs.org/react 245ms (cache hit)
26 silly packumentCache full:https://registry.npmjs.org/react set size:5187790 disposed:false
27 silly fetch manifest react-dom@^18.3.1
28 silly packumentCache full:https://registry.npmjs.org/react-dom cache-miss
29 http fetch GET 200 https://registry.npmjs.org/react-dom 51ms (cache hit)
30 silly packumentCache full:https://registry.npmjs.org/react-dom set size:6369154 disposed:false
31 silly fetch manifest @testing-library/user-event@^13.2.1
32 silly packumentCache full:https://registry.npmjs.org/@testing-library%2fuser-event cache-miss
33 http fetch GET 200 https://registry.npmjs.org/@testing-library%2fuser-event 105ms (cache miss)
34 silly packumentCache full:https://registry.npmjs.org/@testing-library%2fuser-event set size:undefined disposed:false
35 silly fetch manifest @testing-library/dom@>=7.21.4
36 silly packumentCache full:https://registry.npmjs.org/@testing-library%2fdom cache-miss
37 http fetch GET 200 https://registry.npmjs.org/@testing-library%2fdom 68ms (cache miss)
38 silly packumentCache full:https://registry.npmjs.org/@testing-library%2fdom set size:undefined disposed:false
39 silly fetch manifest web-vitals@^2.1.0
40 silly packumentCache full:https://registry.npmjs.org/web-vitals cache-miss
41 http fetch GET 200 https://registry.npmjs.org/web-vitals 37ms (cache miss)
42 silly packumentCache full:https://registry.npmjs.org/web-vitals set size:undefined disposed:false
43 silly placeDep ROOT @testing-library/jest-dom@5.17.0 OK for: frontend@0.1.0 want: ^5.14.1
44 silly placeDep ROOT @testing-library/react@13.4.0 OK for: frontend@0.1.0 want: ^13.0.0
45 silly placeDep ROOT @testing-library/user-event@13.5.0 OK for: frontend@0.1.0 want: ^13.2.1
46 silly placeDep ROOT @testing-library/dom@10.4.0 OK for: @testing-library/user-event@13.5.0 want: >=7.21.4
47 silly placeDep ROOT web-vitals@2.1.4 OK for: frontend@0.1.0 want: ^2.1.0
48 silly fetch manifest chalk@^3.0.0
49 silly packumentCache full:https://registry.npmjs.org/chalk cache-miss
50 http fetch GET 200 https://registry.npmjs.org/chalk 6ms (cache hit)
51 silly packumentCache full:https://registry.npmjs.org/chalk set size:141410 disposed:false
52 silly fetch manifest redent@^3.0.0
53 silly packumentCache full:https://registry.npmjs.org/redent cache-miss
54 http fetch GET 200 https://registry.npmjs.org/redent 34ms (cache miss)
55 silly packumentCache full:https://registry.npmjs.org/redent set size:undefined disposed:false
56 silly fetch manifest css.escape@^1.5.1
57 silly packumentCache full:https://registry.npmjs.org/css.escape cache-miss
58 http fetch GET 200 https://registry.npmjs.org/css.escape 33ms (cache miss)
59 silly packumentCache full:https://registry.npmjs.org/css.escape set size:undefined disposed:false
60 silly fetch manifest @adobe/css-tools@^4.0.1
61 silly packumentCache full:https://registry.npmjs.org/@adobe%2fcss-tools cache-miss
62 http fetch GET 200 https://registry.npmjs.org/@adobe%2fcss-tools 97ms (cache miss)
63 silly packumentCache full:https://registry.npmjs.org/@adobe%2fcss-tools set size:undefined disposed:false
64 silly fetch manifest dom-accessibility-api@^0.5.6
65 silly packumentCache full:https://registry.npmjs.org/dom-accessibility-api cache-miss
66 http fetch GET 200 https://registry.npmjs.org/dom-accessibility-api 32ms (cache miss)
67 silly packumentCache full:https://registry.npmjs.org/dom-accessibility-api set size:undefined disposed:false
68 silly fetch manifest @types/testing-library__jest-dom@^5.9.1
69 silly packumentCache full:https://registry.npmjs.org/@types%2ftesting-library__jest-dom cache-miss
70 http fetch GET 200 https://registry.npmjs.org/@types%2ftesting-library__jest-dom 34ms (cache miss)
71 silly packumentCache full:https://registry.npmjs.org/@types%2ftesting-library__jest-dom set size:undefined disposed:false
72 silly fetch manifest @types/react-dom@^18.0.0
73 silly packumentCache full:https://registry.npmjs.org/@types%2freact-dom cache-miss
74 http fetch GET 200 https://registry.npmjs.org/@types%2freact-dom 67ms (cache miss)
75 silly packumentCache full:https://registry.npmjs.org/@types%2freact-dom set size:undefined disposed:false
76 silly fetch manifest @testing-library/dom@^8.5.0
77 silly packumentCache full:https://registry.npmjs.org/@testing-library%2fdom cache-miss
78 http fetch GET 200 https://registry.npmjs.org/@testing-library%2fdom 6ms (cache hit)
79 silly packumentCache full:https://registry.npmjs.org/@testing-library%2fdom set size:1092920 disposed:false
80 silly fetch manifest lz-string@^1.5.0
81 silly packumentCache full:https://registry.npmjs.org/lz-string cache-miss
82 http fetch GET 200 https://registry.npmjs.org/lz-string 27ms (cache miss)
83 silly packumentCache full:https://registry.npmjs.org/lz-string set size:undefined disposed:false
84 silly fetch manifest aria-query@5.3.0
85 silly packumentCache full:https://registry.npmjs.org/aria-query cache-miss
86 http fetch GET 200 https://registry.npmjs.org/aria-query 6ms (cache hit)
87 silly packumentCache full:https://registry.npmjs.org/aria-query set size:98864 disposed:false
88 silly fetch manifest @types/aria-query@^5.0.1
89 silly packumentCache full:https://registry.npmjs.org/@types%2faria-query cache-miss
90 http fetch GET 200 https://registry.npmjs.org/@types%2faria-query 42ms (cache miss)
91 silly packumentCache full:https://registry.npmjs.org/@types%2faria-query set size:undefined disposed:false
92 silly fetch manifest dom-accessibility-api@^0.5.9
93 silly packumentCache full:https://registry.npmjs.org/dom-accessibility-api cache-miss
94 http fetch GET 200 https://registry.npmjs.org/dom-accessibility-api 1ms (cache hit)
95 silly packumentCache full:https://registry.npmjs.org/dom-accessibility-api set size:171028 disposed:false
96 silly placeDep ROOT @types/aria-query@5.0.4 OK for: @testing-library/dom@10.4.0 want: ^5.0.1
97 silly placeDep node_modules/@testing-library/dom aria-query@5.3.0 OK for: @testing-library/dom@10.4.0 want: 5.3.0
98 silly placeDep ROOT dom-accessibility-api@0.5.16 OK for: @testing-library/dom@10.4.0 want: ^0.5.9
99 silly placeDep ROOT lz-string@1.5.0 OK for: @testing-library/dom@10.4.0 want: ^1.5.0
100 silly fetch manifest dequal@^2.0.3
101 silly packumentCache full:https://registry.npmjs.org/dequal cache-miss
102 http fetch GET 200 https://registry.npmjs.org/dequal 33ms (cache miss)
103 silly packumentCache full:https://registry.npmjs.org/dequal set size:undefined disposed:false
104 silly placeDep ROOT @adobe/css-tools@4.4.1 OK for: @testing-library/jest-dom@5.17.0 want: ^4.0.1
105 silly placeDep ROOT @types/testing-library__jest-dom@5.14.9 OK for: @testing-library/jest-dom@5.17.0 want: ^5.9.1
106 silly placeDep node_modules/@testing-library/jest-dom chalk@3.0.0 OK for: @testing-library/jest-dom@5.17.0 want: ^3.0.0
107 silly placeDep ROOT css.escape@1.5.1 OK for: @testing-library/jest-dom@5.17.0 want: ^1.5.1
108 silly placeDep ROOT redent@3.0.0 OK for: @testing-library/jest-dom@5.17.0 want: ^3.0.0
109 silly fetch manifest @types/jest@*
110 silly packumentCache full:https://registry.npmjs.org/@types%2fjest cache-miss
111 http fetch GET 200 https://registry.npmjs.org/@types%2fjest 43ms (cache miss)
112 silly packumentCache full:https://registry.npmjs.org/@types%2fjest set size:undefined disposed:false
113 silly fetch manifest indent-string@^4.0.0
114 silly packumentCache full:https://registry.npmjs.org/indent-string cache-miss
115 http fetch GET 200 https://registry.npmjs.org/indent-string 40ms (cache miss)
116 silly packumentCache full:https://registry.npmjs.org/indent-string set size:undefined disposed:false
117 silly fetch manifest strip-indent@^3.0.0
118 silly packumentCache full:https://registry.npmjs.org/strip-indent cache-miss
119 http fetch GET 200 https://registry.npmjs.org/strip-indent 27ms (cache miss)
120 silly packumentCache full:https://registry.npmjs.org/strip-indent set size:undefined disposed:false
121 silly placeDep node_modules/@testing-library/react @testing-library/dom@8.20.1 OK for: @testing-library/react@13.4.0 want: ^8.5.0
122 silly placeDep ROOT @types/react-dom@18.3.1 OK for: @testing-library/react@13.4.0 want: ^18.0.0
123 silly fetch manifest aria-query@5.1.3
124 silly packumentCache full:https://registry.npmjs.org/aria-query cache-hit
125 silly fetch manifest @types/react@*
126 silly packumentCache full:https://registry.npmjs.org/@types%2freact cache-miss
127 http fetch GET 200 https://registry.npmjs.org/@types%2freact 60ms (cache miss)
128 silly packumentCache full:https://registry.npmjs.org/@types%2freact set size:undefined disposed:false
129 silly placeDep ROOT @types/react@18.3.12 OK for: @types/react-dom@18.3.1 want: *
130 silly fetch manifest csstype@^3.0.2
131 silly packumentCache full:https://registry.npmjs.org/csstype cache-miss
132 http fetch GET 200 https://registry.npmjs.org/csstype 55ms (cache miss)
133 silly packumentCache full:https://registry.npmjs.org/csstype set size:undefined disposed:false
134 silly fetch manifest @types/prop-types@*
135 silly packumentCache full:https://registry.npmjs.org/@types%2fprop-types cache-miss
136 http fetch GET 200 https://registry.npmjs.org/@types%2fprop-types 39ms (cache miss)
137 silly packumentCache full:https://registry.npmjs.org/@types%2fprop-types set size:undefined disposed:false
138 silly placeDep ROOT @types/prop-types@15.7.13 OK for: @types/react@18.3.12 want: *
139 silly placeDep ROOT csstype@3.1.3 OK for: @types/react@18.3.12 want: ^3.0.2
140 silly placeDep ROOT @types/jest@29.5.14 OK for: @types/testing-library__jest-dom@5.14.9 want: *
141 silly fetch manifest expect@^29.0.0
142 silly packumentCache full:https://registry.npmjs.org/expect cache-miss
143 http fetch GET 200 https://registry.npmjs.org/expect 13ms (cache hit)
144 silly packumentCache full:https://registry.npmjs.org/expect set size:602552 disposed:false
145 silly fetch manifest pretty-format@^29.0.0
146 silly packumentCache full:https://registry.npmjs.org/pretty-format cache-miss
147 http fetch GET 200 https://registry.npmjs.org/pretty-format 14ms (cache hit)
148 silly packumentCache full:https://registry.npmjs.org/pretty-format set size:568283 disposed:false
149 silly placeDep node_modules/@types/jest expect@29.7.0 OK for: @types/jest@29.5.14 want: ^29.0.0
150 silly placeDep node_modules/@types/jest pretty-format@29.7.0 OK for: @types/jest@29.5.14 want: ^29.0.0
151 silly fetch manifest jest-util@^29.7.0
152 silly packumentCache full:https://registry.npmjs.org/jest-util cache-miss
153 http fetch GET 200 https://registry.npmjs.org/jest-util 8ms (cache hit)
154 silly packumentCache full:https://registry.npmjs.org/jest-util set size:560743 disposed:false
155 silly fetch manifest jest-get-type@^29.6.3
156 silly packumentCache full:https://registry.npmjs.org/jest-get-type cache-miss
157 http fetch GET 200 https://registry.npmjs.org/jest-get-type 7ms (cache hit)
158 silly packumentCache full:https://registry.npmjs.org/jest-get-type set size:199322 disposed:false
159 silly fetch manifest jest-message-util@^29.7.0
160 silly packumentCache full:https://registry.npmjs.org/jest-message-util cache-miss
161 http fetch GET 200 https://registry.npmjs.org/jest-message-util 15ms (cache hit)
162 silly packumentCache full:https://registry.npmjs.org/jest-message-util set size:484970 disposed:false
163 silly fetch manifest @jest/expect-utils@^29.7.0
164 silly packumentCache full:https://registry.npmjs.org/@jest%2fexpect-utils cache-miss
165 http fetch GET 200 https://registry.npmjs.org/@jest%2fexpect-utils 42ms (cache miss)
166 silly packumentCache full:https://registry.npmjs.org/@jest%2fexpect-utils set size:undefined disposed:false
167 silly fetch manifest jest-matcher-utils@^29.7.0
168 silly packumentCache full:https://registry.npmjs.org/jest-matcher-utils cache-miss
169 http fetch GET 200 https://registry.npmjs.org/jest-matcher-utils 10ms (cache hit)
170 silly packumentCache full:https://registry.npmjs.org/jest-matcher-utils set size:536420 disposed:false
171 silly fetch manifest react-is@^18.0.0
172 silly packumentCache full:https://registry.npmjs.org/react-is cache-miss
173 http fetch GET 200 https://registry.npmjs.org/react-is 18ms (cache hit)
174 silly packumentCache full:https://registry.npmjs.org/react-is set size:4235236 disposed:false
175 silly fetch manifest ansi-styles@^5.0.0
176 silly packumentCache full:https://registry.npmjs.org/ansi-styles cache-miss
177 http fetch GET 200 https://registry.npmjs.org/ansi-styles 10ms (cache hit)
178 silly packumentCache full:https://registry.npmjs.org/ansi-styles set size:66356 disposed:false
179 silly fetch manifest @jest/schemas@^29.6.3
180 silly packumentCache full:https://registry.npmjs.org/@jest%2fschemas cache-miss
181 http fetch GET 200 https://registry.npmjs.org/@jest%2fschemas 7ms (cache hit)
182 silly packumentCache full:https://registry.npmjs.org/@jest%2fschemas set size:56414 disposed:false
183 silly fetch manifest typescript@^3.2.1 || ^4
184 silly packumentCache full:https://registry.npmjs.org/typescript cache-miss
185 http fetch GET 200 https://registry.npmjs.org/typescript 45ms (cache hit)
186 silly packumentCache full:https://registry.npmjs.org/typescript set size:13510173 disposed:false
187 silly placeDep ROOT typescript@4.9.5 REPLACE for: react-scripts@5.0.1 want: ^3.2.1 || ^4
188 silly placeDep ROOT indent-string@4.0.0 OK for: redent@3.0.0 want: ^4.0.0
189 silly placeDep ROOT strip-indent@3.0.0 OK for: redent@3.0.0 want: ^3.0.0
190 silly fetch manifest min-indent@^1.0.0
191 silly packumentCache full:https://registry.npmjs.org/min-indent cache-miss
192 http fetch GET 200 https://registry.npmjs.org/min-indent 30ms (cache miss)
193 silly packumentCache full:https://registry.npmjs.org/min-indent set size:undefined disposed:false
194 silly placeDep ROOT min-indent@1.0.1 OK for: strip-indent@3.0.0 want: ^1.0.0
195 silly placeDep ROOT dequal@2.0.3 OK for: aria-query@5.3.0 want: ^2.0.3
196 silly placeDep node_modules/@testing-library/react aria-query@5.1.3 OK for: @testing-library/dom@8.20.1 want: 5.1.3
197 silly fetch manifest deep-equal@^2.0.5
198 silly packumentCache full:https://registry.npmjs.org/deep-equal cache-miss
199 http fetch GET 200 https://registry.npmjs.org/deep-equal 24ms (cache miss)
200 silly packumentCache full:https://registry.npmjs.org/deep-equal set size:undefined disposed:false
201 silly placeDep ROOT deep-equal@2.2.3 OK for: aria-query@5.1.3 want: ^2.0.5
202 silly fetch manifest es-get-iterator@^1.1.3
203 silly packumentCache full:https://registry.npmjs.org/es-get-iterator cache-miss
204 http fetch GET 200 https://registry.npmjs.org/es-get-iterator 26ms (cache miss)
205 silly packumentCache full:https://registry.npmjs.org/es-get-iterator set size:undefined disposed:false
206 silly fetch manifest is-arguments@^1.1.1
207 silly packumentCache full:https://registry.npmjs.org/is-arguments cache-miss
208 http fetch GET 200 https://registry.npmjs.org/is-arguments 32ms (cache miss)
209 silly packumentCache full:https://registry.npmjs.org/is-arguments set size:undefined disposed:false
210 silly fetch manifest object-is@^1.1.5
211 silly packumentCache full:https://registry.npmjs.org/object-is cache-miss
212 http fetch GET 200 https://registry.npmjs.org/object-is 36ms (cache miss)
213 silly packumentCache full:https://registry.npmjs.org/object-is set size:undefined disposed:false
214 silly placeDep ROOT es-get-iterator@1.1.3 OK for: deep-equal@2.2.3 want: ^1.1.3
215 silly placeDep ROOT is-arguments@1.1.1 OK for: deep-equal@2.2.3 want: ^1.1.1
216 silly placeDep ROOT object-is@1.1.6 OK for: deep-equal@2.2.3 want: ^1.1.5
217 silly fetch manifest stop-iteration-iterator@^1.0.0
218 silly packumentCache full:https://registry.npmjs.org/stop-iteration-iterator cache-miss
219 http fetch GET 200 https://registry.npmjs.org/stop-iteration-iterator 43ms (cache miss)
220 silly packumentCache full:https://registry.npmjs.org/stop-iteration-iterator set size:undefined disposed:false
221 silly placeDep ROOT stop-iteration-iterator@1.0.0 OK for: es-get-iterator@1.1.3 want: ^1.0.0
222 silly placeDep ROOT @jest/expect-utils@29.7.0 OK for: expect@29.7.0 want: ^29.7.0
223 silly placeDep node_modules/@types/jest jest-get-type@29.6.3 OK for: expect@29.7.0 want: ^29.6.3
224 silly placeDep node_modules/@types/jest jest-matcher-utils@29.7.0 OK for: expect@29.7.0 want: ^29.7.0
225 silly placeDep node_modules/@types/jest jest-message-util@29.7.0 OK for: expect@29.7.0 want: ^29.7.0
226 silly placeDep node_modules/@types/jest jest-util@29.7.0 OK for: expect@29.7.0 want: ^29.7.0
227 silly fetch manifest jest-diff@^29.7.0
228 silly packumentCache full:https://registry.npmjs.org/jest-diff cache-miss
229 http fetch GET 200 https://registry.npmjs.org/jest-diff 11ms (cache hit)
230 silly packumentCache full:https://registry.npmjs.org/jest-diff set size:515410 disposed:false
231 silly fetch manifest @jest/types@^29.6.3
232 silly packumentCache full:https://registry.npmjs.org/@jest%2ftypes cache-miss
233 http fetch GET 200 https://registry.npmjs.org/@jest%2ftypes 5ms (cache hit)
234 silly packumentCache full:https://registry.npmjs.org/@jest%2ftypes set size:270301 disposed:false
235 silly placeDep node_modules/@jest/expect-utils jest-get-type@29.6.3 OK for: @jest/expect-utils@29.7.0 want: ^29.6.3
236 silly placeDep node_modules/@types/jest jest-diff@29.7.0 OK for: jest-matcher-utils@29.7.0 want: ^29.7.0
237 silly fetch manifest diff-sequences@^29.6.3
238 silly packumentCache full:https://registry.npmjs.org/diff-sequences cache-miss
239 http fetch GET 200 https://registry.npmjs.org/diff-sequences 8ms (cache hit)
240 silly packumentCache full:https://registry.npmjs.org/diff-sequences set size:178619 disposed:false
241 silly placeDep node_modules/@types/jest diff-sequences@29.6.3 OK for: jest-diff@29.7.0 want: ^29.6.3
242 silly placeDep node_modules/@types/jest @jest/types@29.6.3 OK for: jest-message-util@29.7.0 want: ^29.6.3
243 silly fetch manifest @types/yargs@^17.0.8
244 silly packumentCache full:https://registry.npmjs.org/@types%2fyargs cache-miss
245 http fetch GET 200 https://registry.npmjs.org/@types%2fyargs 9ms (cache hit)
246 silly packumentCache full:https://registry.npmjs.org/@types%2fyargs set size:379158 disposed:false
247 silly placeDep node_modules/@types/jest @jest/schemas@29.6.3 OK for: @jest/types@29.6.3 want: ^29.6.3
248 silly placeDep node_modules/@types/jest @types/yargs@17.0.33 OK for: @jest/types@29.6.3 want: ^17.0.8
249 silly fetch manifest @sinclair/typebox@^0.27.8
250 silly packumentCache full:https://registry.npmjs.org/@sinclair%2ftypebox cache-miss
251 http fetch GET 200 https://registry.npmjs.org/@sinclair%2ftypebox 22ms (cache hit)
252 silly packumentCache full:https://registry.npmjs.org/@sinclair%2ftypebox set size:1081368 disposed:false
253 silly placeDep node_modules/@types/jest @sinclair/typebox@0.27.8 OK for: @jest/schemas@29.6.3 want: ^0.27.8
254 silly placeDep node_modules/@types/jest ansi-styles@5.2.0 OK for: pretty-format@29.7.0 want: ^5.0.0
255 silly placeDep node_modules/@types/jest react-is@18.3.1 OK for: pretty-format@29.7.0 want: ^18.0.0
256 silly reify mark retired [
256 silly reify   '/root/frontend/node_modules/typescript',
256 silly reify   '/root/frontend/node_modules/.bin/tsc',
256 silly reify   '/root/frontend/node_modules/.bin/tsserver'
256 silly reify ]
257 silly reify moves {
257 silly reify   '/root/frontend/node_modules/typescript': '/root/frontend/node_modules/.typescript-J5dA6HU0',
257 silly reify   '/root/frontend/node_modules/.bin/tsc': '/root/frontend/node_modules/.bin/.tsc-j4cYldco',
257 silly reify   '/root/frontend/node_modules/.bin/tsserver': '/root/frontend/node_modules/.bin/.tsserver-rRkpHV1u'
257 silly reify }
258 verbose reify failed optional dependency /root/frontend/node_modules/fsevents
259 silly reify mark deleted [ '/root/frontend/node_modules/fsevents' ]
260 silly tarball no local data for @jest/expect-utils@https://registry.npmjs.org/@jest/expect-utils/-/expect-utils-29.7.0.tgz. Extracting by manifest.
261 silly tarball no local data for stop-iteration-iterator@https://registry.npmjs.org/stop-iteration-iterator/-/stop-iteration-iterator-1.0.0.tgz. Extracting by manifest.
262 silly tarball no local data for is-arguments@https://registry.npmjs.org/is-arguments/-/is-arguments-1.1.1.tgz. Extracting by manifest.
263 silly tarball no local data for es-get-iterator@https://registry.npmjs.org/es-get-iterator/-/es-get-iterator-1.1.3.tgz. Extracting by manifest.
264 silly tarball no local data for deep-equal@https://registry.npmjs.org/deep-equal/-/deep-equal-2.2.3.tgz. Extracting by manifest.
265 silly tarball no local data for dequal@https://registry.npmjs.org/dequal/-/dequal-2.0.3.tgz. Extracting by manifest.
266 silly tarball no local data for min-indent@https://registry.npmjs.org/min-indent/-/min-indent-1.0.1.tgz. Extracting by manifest.
267 silly tarball no local data for strip-indent@https://registry.npmjs.org/strip-indent/-/strip-indent-3.0.0.tgz. Extracting by manifest.
268 silly tarball no local data for object-is@https://registry.npmjs.org/object-is/-/object-is-1.1.6.tgz. Extracting by manifest.
269 silly tarball no local data for indent-string@https://registry.npmjs.org/indent-string/-/indent-string-4.0.0.tgz. Extracting by manifest.
270 silly tarball no local data for @types/jest@https://registry.npmjs.org/@types/jest/-/jest-29.5.14.tgz. Extracting by manifest.
271 silly tarball no local data for csstype@https://registry.npmjs.org/csstype/-/csstype-3.1.3.tgz. Extracting by manifest.
272 silly tarball no local data for @types/prop-types@https://registry.npmjs.org/@types/prop-types/-/prop-types-15.7.13.tgz. Extracting by manifest.
273 silly tarball no local data for @types/react@https://registry.npmjs.org/@types/react/-/react-18.3.12.tgz. Extracting by manifest.
274 silly tarball no local data for redent@https://registry.npmjs.org/redent/-/redent-3.0.0.tgz. Extracting by manifest.
275 silly tarball no local data for css.escape@https://registry.npmjs.org/css.escape/-/css.escape-1.5.1.tgz. Extracting by manifest.
276 silly tarball no local data for @adobe/css-tools@https://registry.npmjs.org/@adobe/css-tools/-/css-tools-4.4.1.tgz. Extracting by manifest.
277 silly tarball no local data for lz-string@https://registry.npmjs.org/lz-string/-/lz-string-1.5.0.tgz. Extracting by manifest.
278 silly tarball no local data for @types/aria-query@https://registry.npmjs.org/@types/aria-query/-/aria-query-5.0.4.tgz. Extracting by manifest.
279 silly tarball no local data for web-vitals@https://registry.npmjs.org/web-vitals/-/web-vitals-2.1.4.tgz. Extracting by manifest.
280 silly tarball no local data for @types/react-dom@https://registry.npmjs.org/@types/react-dom/-/react-dom-18.3.1.tgz. Extracting by manifest.
281 silly tarball no local data for @types/testing-library__jest-dom@https://registry.npmjs.org/@types/testing-library__jest-dom/-/testing-library__jest-dom-5.14.9.tgz. Extracting by manifest.
282 silly tarball no local data for dom-accessibility-api@https://registry.npmjs.org/dom-accessibility-api/-/dom-accessibility-api-0.5.16.tgz. Extracting by manifest.
283 silly tarball no local data for @testing-library/dom@https://registry.npmjs.org/@testing-library/dom/-/dom-10.4.0.tgz. Extracting by manifest.
284 silly tarball no local data for @testing-library/user-event@https://registry.npmjs.org/@testing-library/user-event/-/user-event-13.5.0.tgz. Extracting by manifest.
285 silly tarball no local data for @testing-library/react@https://registry.npmjs.org/@testing-library/react/-/react-13.4.0.tgz. Extracting by manifest.
286 silly tarball no local data for @testing-library/jest-dom@https://registry.npmjs.org/@testing-library/jest-dom/-/jest-dom-5.17.0.tgz. Extracting by manifest.
287 silly tarball no local data for typescript@https://registry.npmjs.org/typescript/-/typescript-4.9.5.tgz. Extracting by manifest.
288 silly tarball no local data for jest-get-type@https://registry.npmjs.org/jest-get-type/-/jest-get-type-29.6.3.tgz. Extracting by manifest.
289 silly tarball no local data for @sinclair/typebox@https://registry.npmjs.org/@sinclair/typebox/-/typebox-0.27.8.tgz. Extracting by manifest.
290 silly tarball no local data for @jest/types@https://registry.npmjs.org/@jest/types/-/types-29.6.3.tgz. Extracting by manifest.
291 silly tarball no local data for diff-sequences@https://registry.npmjs.org/diff-sequences/-/diff-sequences-29.6.3.tgz. Extracting by manifest.
292 silly tarball no local data for @jest/schemas@https://registry.npmjs.org/@jest/schemas/-/schemas-29.6.3.tgz. Extracting by manifest.
293 silly tarball no local data for jest-diff@https://registry.npmjs.org/jest-diff/-/jest-diff-29.7.0.tgz. Extracting by manifest.
294 silly tarball no local data for jest-util@https://registry.npmjs.org/jest-util/-/jest-util-29.7.0.tgz. Extracting by manifest.
295 silly tarball no local data for jest-message-util@https://registry.npmjs.org/jest-message-util/-/jest-message-util-29.7.0.tgz. Extracting by manifest.
296 silly tarball no local data for jest-matcher-utils@https://registry.npmjs.org/jest-matcher-utils/-/jest-matcher-utils-29.7.0.tgz. Extracting by manifest.
297 silly tarball no local data for jest-get-type@https://registry.npmjs.org/jest-get-type/-/jest-get-type-29.6.3.tgz. Extracting by manifest.
298 silly tarball no local data for pretty-format@https://registry.npmjs.org/pretty-format/-/pretty-format-29.7.0.tgz. Extracting by manifest.
299 silly tarball no local data for expect@https://registry.npmjs.org/expect/-/expect-29.7.0.tgz. Extracting by manifest.
300 silly tarball no local data for aria-query@https://registry.npmjs.org/aria-query/-/aria-query-5.3.0.tgz. Extracting by manifest.
301 silly tarball no local data for aria-query@https://registry.npmjs.org/aria-query/-/aria-query-5.1.3.tgz. Extracting by manifest.
302 silly tarball no local data for @testing-library/dom@https://registry.npmjs.org/@testing-library/dom/-/dom-8.20.1.tgz. Extracting by manifest.
303 silly tarball no local data for chalk@https://registry.npmjs.org/chalk/-/chalk-3.0.0.tgz. Extracting by manifest.
304 http fetch GET 200 https://registry.npmjs.org/@jest/expect-utils/-/expect-utils-29.7.0.tgz 389ms (cache miss)
305 http fetch GET 200 https://registry.npmjs.org/css.escape/-/css.escape-1.5.1.tgz 481ms (cache miss)
306 http fetch GET 200 https://registry.npmjs.org/strip-indent/-/strip-indent-3.0.0.tgz 538ms (cache miss)
307 http fetch GET 200 https://registry.npmjs.org/min-indent/-/min-indent-1.0.1.tgz 580ms (cache miss)
308 http fetch GET 200 https://registry.npmjs.org/stop-iteration-iterator/-/stop-iteration-iterator-1.0.0.tgz 593ms (cache miss)
309 http fetch GET 200 https://registry.npmjs.org/indent-string/-/indent-string-4.0.0.tgz 594ms (cache miss)
310 http fetch GET 200 https://registry.npmjs.org/dequal/-/dequal-2.0.3.tgz 601ms (cache miss)
311 http fetch GET 200 https://registry.npmjs.org/redent/-/redent-3.0.0.tgz 600ms (cache miss)
312 http fetch GET 200 https://registry.npmjs.org/@types/prop-types/-/prop-types-15.7.13.tgz 611ms (cache miss)
313 http fetch GET 200 https://registry.npmjs.org/jest-get-type/-/jest-get-type-29.6.3.tgz 606ms (cache miss)
314 http fetch GET 200 https://registry.npmjs.org/@types/aria-query/-/aria-query-5.0.4.tgz 624ms (cache miss)
315 http fetch GET 200 https://registry.npmjs.org/diff-sequences/-/diff-sequences-29.6.3.tgz 618ms (cache miss)
316 http fetch GET 200 https://registry.npmjs.org/@jest/schemas/-/schemas-29.6.3.tgz 619ms (cache miss)
317 http fetch GET 200 https://registry.npmjs.org/@adobe/css-tools/-/css-tools-4.4.1.tgz 675ms (cache miss)
318 http fetch GET 200 https://registry.npmjs.org/jest-get-type/-/jest-get-type-29.6.3.tgz 667ms (cache miss)
319 http fetch GET 200 https://registry.npmjs.org/@types/testing-library__jest-dom/-/testing-library__jest-dom-5.14.9.tgz 724ms (cache miss)
320 http fetch GET 200 https://registry.npmjs.org/chalk/-/chalk-3.0.0.tgz 706ms (cache miss)
321 http fetch GET 200 https://registry.npmjs.org/jest-message-util/-/jest-message-util-29.7.0.tgz 717ms (cache miss)
322 http fetch GET 200 https://registry.npmjs.org/jest-matcher-utils/-/jest-matcher-utils-29.7.0.tgz 723ms (cache miss)
323 http fetch GET 200 https://registry.npmjs.org/es-get-iterator/-/es-get-iterator-1.1.3.tgz 780ms (cache miss)
324 http fetch GET 200 https://registry.npmjs.org/@types/jest/-/jest-29.5.14.tgz 781ms (cache miss)
325 http fetch GET 200 https://registry.npmjs.org/is-arguments/-/is-arguments-1.1.1.tgz 789ms (cache miss)
326 http fetch GET 200 https://registry.npmjs.org/@types/react-dom/-/react-dom-18.3.1.tgz 774ms (cache miss)
327 http fetch GET 200 https://registry.npmjs.org/jest-diff/-/jest-diff-29.7.0.tgz 765ms (cache miss)
328 http fetch GET 200 https://registry.npmjs.org/@jest/types/-/types-29.6.3.tgz 767ms (cache miss)
329 http fetch GET 200 https://registry.npmjs.org/object-is/-/object-is-1.1.6.tgz 795ms (cache miss)
330 http fetch GET 200 https://registry.npmjs.org/pretty-format/-/pretty-format-29.7.0.tgz 764ms (cache miss)
331 http fetch GET 200 https://registry.npmjs.org/jest-util/-/jest-util-29.7.0.tgz 775ms (cache miss)
332 http fetch GET 200 https://registry.npmjs.org/deep-equal/-/deep-equal-2.2.3.tgz 821ms (cache miss)
333 http fetch GET 200 https://registry.npmjs.org/lz-string/-/lz-string-1.5.0.tgz 807ms (cache miss)
334 http fetch GET 200 https://registry.npmjs.org/expect/-/expect-29.7.0.tgz 805ms (cache miss)
335 http fetch GET 200 https://registry.npmjs.org/@testing-library/jest-dom/-/jest-dom-5.17.0.tgz 888ms (cache miss)
336 http fetch GET 200 https://registry.npmjs.org/@types/react/-/react-18.3.12.tgz 913ms (cache miss)
337 http fetch GET 200 https://registry.npmjs.org/@sinclair/typebox/-/typebox-0.27.8.tgz 986ms (cache miss)
338 http fetch GET 200 https://registry.npmjs.org/csstype/-/csstype-3.1.3.tgz 1011ms (cache miss)
339 http fetch GET 200 https://registry.npmjs.org/web-vitals/-/web-vitals-2.1.4.tgz 1005ms (cache miss)
340 http fetch GET 200 https://registry.npmjs.org/dom-accessibility-api/-/dom-accessibility-api-0.5.16.tgz 1003ms (cache miss)
341 http fetch GET 200 https://registry.npmjs.org/@testing-library/user-event/-/user-event-13.5.0.tgz 1125ms (cache miss)
342 http fetch GET 200 https://registry.npmjs.org/aria-query/-/aria-query-5.1.3.tgz 1142ms (cache miss)
343 http fetch GET 200 https://registry.npmjs.org/aria-query/-/aria-query-5.3.0.tgz 1150ms (cache miss)
344 http fetch GET 200 https://registry.npmjs.org/@testing-library/dom/-/dom-10.4.0.tgz 1201ms (cache miss)
345 http fetch GET 200 https://registry.npmjs.org/@testing-library/dom/-/dom-8.20.1.tgz 1184ms (cache miss)
346 http fetch GET 200 https://registry.npmjs.org/@testing-library/react/-/react-13.4.0.tgz 1209ms (cache miss)
347 http fetch GET 200 https://registry.npmjs.org/typescript/-/typescript-4.9.5.tgz 1807ms (cache miss)
348 silly ADD node_modules/@jest/expect-utils
349 silly ADD node_modules/@jest/expect-utils/node_modules/jest-get-type
350 silly ADD node_modules/stop-iteration-iterator
351 silly ADD node_modules/object-is
352 silly ADD node_modules/is-arguments
353 silly ADD node_modules/es-get-iterator
354 silly ADD node_modules/deep-equal
355 silly ADD node_modules/dequal
356 silly ADD node_modules/min-indent
357 silly ADD node_modules/strip-indent
358 silly ADD node_modules/indent-string
359 silly ADD node_modules/@types/jest
360 silly ADD node_modules/@types/jest/node_modules/react-is
361 silly ADD node_modules/@types/jest/node_modules/ansi-styles
362 silly ADD node_modules/@types/jest/node_modules/@sinclair/typebox
363 silly ADD node_modules/@types/jest/node_modules/@types/yargs
364 silly ADD node_modules/@types/jest/node_modules/@jest/schemas
365 silly ADD node_modules/@types/jest/node_modules/@jest/types
366 silly ADD node_modules/@types/jest/node_modules/diff-sequences
367 silly ADD node_modules/@types/jest/node_modules/jest-diff
368 silly ADD node_modules/@types/jest/node_modules/jest-util
369 silly ADD node_modules/@types/jest/node_modules/jest-message-util
370 silly ADD node_modules/@types/jest/node_modules/jest-matcher-utils
371 silly ADD node_modules/@types/jest/node_modules/jest-get-type
372 silly ADD node_modules/@types/jest/node_modules/pretty-format
373 silly ADD node_modules/@types/jest/node_modules/expect
374 silly ADD node_modules/csstype
375 silly ADD node_modules/@types/prop-types
376 silly ADD node_modules/@types/react
377 silly ADD node_modules/@types/react-dom
378 silly ADD node_modules/redent
379 silly ADD node_modules/css.escape
380 silly ADD node_modules/@types/testing-library__jest-dom
381 silly ADD node_modules/@adobe/css-tools
382 silly ADD node_modules/lz-string
383 silly ADD node_modules/dom-accessibility-api
384 silly ADD node_modules/@types/aria-query
385 silly ADD node_modules/web-vitals
386 silly ADD node_modules/@testing-library/dom
387 silly ADD node_modules/@testing-library/dom/node_modules/aria-query
388 silly ADD node_modules/@testing-library/user-event
389 silly ADD node_modules/@testing-library/react
390 silly ADD node_modules/@testing-library/react/node_modules/aria-query
391 silly ADD node_modules/@testing-library/react/node_modules/@testing-library/dom
392 silly ADD node_modules/@testing-library/jest-dom
393 silly ADD node_modules/@testing-library/jest-dom/node_modules/chalk
394 silly ADD
395 silly CHANGE node_modules/typescript
396 verbose cwd /root/frontend
397 verbose os Linux 6.1.115-126.197.amzn2023.x86_64
398 verbose node v18.20.5
399 verbose npm  v10.8.2
400 verbose exit 0
401 info ok
